Arguments: 
  /usr/local/bin/node /usr/local/bin/yarn

PATH: 
  /Users/zhangchenglin/Library/apache-maven-3.5.4/bin:/user/local/Cellar/mongodb/3.4.6/bin:/Users/zhangchenglin/.cargo/bin:/Library/Frameworks/Python.framework/Versions/3.6/bin:/usr/local/bin:/usr/bin:/bin:/usr/sbin:/sbin:/usr/local/go/bin:/usr/local/share/dotnet:~/.dotnet/tools:/Library/Frameworks/Mono.framework/Versions/Current/Commands:/Applications/Xamarin Workbooks.app/Contents/SharedSupport/path-bin:/Users/zhangchenglin/Documents/doc/test/ssr/node_modules/.bin:/Users/zhangchenglin/bin/FDK/Tools/osx:/Users/zhangchenglin/Library/Android/sdk/tools:/Users/zhangchenglin/Library/Android/sdk/platform-tools

Yarn version: 
  1.9.4

Node version: 
  8.12.0

Platform: 
  darwin x64

Trace: 
  SyntaxError: /Users/zhangchenglin/Documents/doc/test/ssr/package.json: Unexpected token } in JSON at position 159
      at JSON.parse (<anonymous>)
      at /usr/local/lib/node_modules/yarn/lib/cli.js:1130:59
      at Generator.next (<anonymous>)
      at step (/usr/local/lib/node_modules/yarn/lib/cli.js:92:30)
      at /usr/local/lib/node_modules/yarn/lib/cli.js:103:13
      at <anonymous>

npm manifest: 
  {
    "name": "ssr",
    "version": "1.0.0",
    "description": "",
    "main": "index.js",
    "dependencies": {
      "react": "^16.8.6",
      "react-dom": "^16.8.6",
  
    },
    "devDependencies": {
      "babel-loader": "^8.0.5",
      "html-webpack-plugin": "^3.2.0",
      "webpack": "^4.29.6",
      "webpack-cli": "^3.3.0",
      "@babel/cli": "^7.2.3",
      "@babel/core": "^7.4.0",
      "@babel/preset-env": "^7.4.2",
      "@babel/preset-react": "^7.0.0",
      "css-loader": "^2.1.1",
      "file-loader": "^3.0.1",
      "html-loader": "^0.5.5",
      "less": "^3.9.0",
      "less-loader": "^4.1.0",
      "style-loader": "^0.23.1",
      "url-loader": "^1.1.2",
      "webpack-dev-server": "^3.2.1",
      "webpack-merge": "^4.2.1"
    },
    "scripts": {
      "test": "echo \"Error: no test specified\" & & exit 1",
      "start": "webpack-dev-server --hot --config build/webpack.dev.config.js"
    },
    "author": "",
    "license": "ISC"
  }

yarn manifest: 
  No manifest

Lockfile: 
  No lockfile
